#
# A fatal error has been detected by the Java Runtime Environment:
#
#  Internal Error (os_windows_x86.cpp:114), pid=4164, tid=3064
#  Error: guarantee(result == -1,"Unexpected result from topLevelExceptionFilter")
#
# JRE version: 6.0_17-b04
# Java VM: Java HotSpot(TM) 64-Bit Server VM (14.3-b01 mixed mode windows-amd64 )
# If you would like to submit a bug report, please visit:
#   http://java.sun.com/webapps/bugreport/crash.jsp
# The crash happened outside the Java Virtual Machine in native code.
# See problematic frame for where to report the bug.
#

---------------  T H R E A D  ---------------

Current thread (0x0000000001b6e000):  JavaThread "main" [_thread_in_native, id=3064, stack(0x0000000000030000,0x0000000001430000)]

Stack: [0x0000000000030000,0x0000000001430000]
[error occurred during error reporting (printing stack bounds), id 0xc0000005]

Java frames: (J=compiled Java code, j=interpreted, Vv=VM code)
j  com.mathworks.jmi.NativeMatlab.ProcessPendingEvents()Z+0
j  com.mathworks.jmi.NativeMatlab.processPendingEvents()Z+8
j  com.mathworks.jmi.Matlab$ProcessPendingEvents.callBooleanMethod(Ljava/lang/Object;)Z+0
j  com.mathworks.util.FactoryUtils.processPendingEvents()Z+12
j  com.mathworks.mde.desk.MLDesktop.canClose()Z+84
j  com.mathworks.mde.desk.MLDesktop$2.call()Ljava/lang/Boolean;+4
j  com.mathworks.mde.desk.MLDesktop$2.call()Ljava/lang/Object;+1
j  com.mathworks.jmi.Matlab.isOkToExit()Z+54
v  ~StubRoutines::call_stub
j  com.mathworks.jmi.NativeMatlab.SendMatlabMessage(Ljava/lang/Object;)Ljava/lang/Object;+0
j  com.mathworks.jmi.NativeMatlab.sendMatlabMessage(Ljava/lang/Object;)Ljava/lang/Object;+22
j  com.mathworks.jmi.MatlabLooper.sendMatlabMessage(Lcom/mathworks/services/message/MWMessage;)Ljava/lang/Object;+20
j  com.mathworks.jmi.Matlab.mtFevalConsoleOutput(Ljava/lang/String;[Ljava/lang/Object;I)Ljava/lang/Object;+58
j  com.mathworks.mde.desk.MLDesktop$8.run()V+14
j  com.mathworks.jmi.NativeMatlab.dispatchMTRequests(Z)V+50
v  ~StubRoutines::call_stub

---------------  P R O C E S S  ---------------

Java Threads: ( => current thread )
  0x0000000033636800 JavaThread "Foxtrot Multi Worker Thread Runner #1" daemon [_thread_blocked, id=4780, stack(0x0000000042010000,0x0000000042090000)]
  0x0000000033634800 JavaThread "Code Analyzer updating thread" [_thread_blocked, id=7772, stack(0x000000000e5c0000,0x000000000e640000)]
  0x0000000033633000 JavaThread "Code Analyzer updating thread" [_thread_blocked, id=8184, stack(0x000000000ea50000,0x000000000ead0000)]
  0x0000000033633800 JavaThread "Code Analyzer updating thread" [_thread_blocked, id=7916, stack(0x000000000d500000,0x000000000d580000)]
  0x0000000033631000 JavaThread "Code Analyzer updating thread" [_thread_blocked, id=5896, stack(0x000000000d420000,0x000000000d4a0000)]
  0x000000000f8d8000 JavaThread "Code Analyzer updating thread" [_thread_blocked, id=9076, stack(0x000000000d390000,0x000000000d410000)]
  0x000000000f8d9800 JavaThread "Code Analyzer updating thread" [_thread_blocked, id=8368, stack(0x0000000034750000,0x00000000347d0000)]
  0x000000000f8d6800 JavaThread "Active Reference Queue Daemon" daemon [_thread_blocked, id=9064, stack(0x00000000345d0000,0x0000000034650000)]
  0x000000000f8d9000 JavaThread "Timer-88" daemon [_thread_blocked, id=6340, stack(0x0000000034550000,0x00000000345d0000)]
  0x000000000f8db000 JavaThread "RequestQueue for GenericFileList" [_thread_blocked, id=2404, stack(0x0000000036200000,0x0000000036280000)]
  0x000000000f8da000 JavaThread "Timer-6" daemon [_thread_blocked, id=2376, stack(0x0000000035ba0000,0x0000000035c20000)]
  0x000000000f8d7800 JavaThread "Prefs Updater" daemon [_thread_blocked, id=3624, stack(0x0000000035b20000,0x0000000035ba0000)]
  0x000000000f8d5000 JavaThread "Timer-1" [_thread_blocked, id=2680, stack(0x00000000359a0000,0x0000000035a20000)]
  0x000000000f8d4800 JavaThread "FelixPackageAdmin" daemon [_thread_blocked, id=6428, stack(0x00000000343d0000,0x0000000034450000)]
  0x000000003300d000 JavaThread "FelixStartLevel" daemon [_thread_blocked, id=6916, stack(0x0000000034270000,0x00000000342f0000)]
  0x000000003300c800 JavaThread "FelixDispatchQueue" daemon [_thread_blocked, id=8304, stack(0x00000000341b0000,0x0000000034230000)]
  0x000000000f678800 JavaThread "TimerQueue" daemon [_thread_blocked, id=3100, stack(0x0000000033f50000,0x0000000033fd0000)]
  0x00000000328f2000 JavaThread "AWT-EventQueue-0" [_thread_in_native, id=5236, stack(0x0000000033ed0000,0x0000000033f50000)]
  0x000000000fa60000 JavaThread "AWT-Shutdown" [_thread_blocked, id=7484, stack(0x0000000032e80000,0x0000000032f00000)]
  0x0000000032808800 JavaThread "AWT-Windows" daemon [_thread_in_native, id=4500, stack(0x000000000fd40000,0x000000000fdc0000)]
  0x0000000032807000 JavaThread "Java2D Disposer" daemon [_thread_blocked, id=8860, stack(0x000000000fc40000,0x000000000fcc0000)]
  0x000000000f799800 JavaThread "Timer-0" [_thread_blocked, id=5496, stack(0x000000000fb00000,0x000000000fb80000)]
  0x000000000f64d000 JavaThread "JMI Unnamed Thread" [_thread_in_native, id=4416, stack(0x000000000bf90000,0x000000000d390000)]
  0x000000000f589800 JavaThread "Low Memory Detector" daemon [_thread_blocked, id=8948, stack(0x000000000f680000,0x000000000f700000)]
  0x000000000f581000 JavaThread "CompilerThread1" daemon [_thread_blocked, id=6148, stack(0x000000002fb50000,0x0000000030f50000)]
  0x000000000f57b000 JavaThread "CompilerThread0" daemon [_thread_blocked, id=6896, stack(0x000000002e750000,0x000000002fb50000)]
  0x000000000f57a000 JavaThread "Attach Listener" daemon [_thread_blocked, id=8864, stack(0x0000000005a80000,0x0000000005b00000)]
  0x0000000001c2f800 JavaThread "Finalizer" daemon [_thread_blocked, id=6284, stack(0x0000000005a00000,0x0000000005a80000)]
  0x0000000001c29800 JavaThread "Reference Handler" daemon [_thread_blocked, id=7864, stack(0x0000000005980000,0x0000000005a00000)]
=>0x0000000001b6e000 JavaThread "main" [_thread_in_native, id=3064, stack(0x0000000000030000,0x0000000001430000)]

Other Threads:
  0x000000000f523000 VMThread [stack: 0x000000002d350000,0x000000002e750000] [id=568]
  0x000000000f59c800 WatcherThread [stack: 0x0000000030f50000,0x0000000032350000] [id=8032]

VM state:not at safepoint (normal execution)

VM Mutex/Monitor currently owned by a thread: None

Heap
 PSYoungGen      total 15936K, used 4857K [0x0000000025250000, 0x0000000026850000, 0x0000000028350000)
  eden space 10240K, 32% used [0x0000000025250000,0x0000000025587c10,0x0000000025c50000)
  from space 5696K, 27% used [0x00000000262c0000,0x0000000026446a80,0x0000000026850000)
  to   space 6144K, 0% used [0x0000000025c50000,0x0000000025c50000,0x0000000026250000)
 PSOldGen        total 84864K, used 61179K [0x000000001bf50000, 0x0000000021230000, 0x0000000025250000)
  object space 84864K, 72% used [0x000000001bf50000,0x000000001fb0ee28,0x0000000021230000)
 PSPermGen       total 104064K, used 58390K [0x0000000013f50000, 0x000000001a4f0000, 0x000000001bf50000)
  object space 104064K, 56% used [0x0000000013f50000,0x0000000017855b60,0x000000001a4f0000)

Dynamic libraries:
0x0000000140000000 - 0x0000000140029000 	E:\MATLAB\bin\win64\matlab.exe
0x0000000076ec0000 - 0x000000007706c000 	C:\Windows\SYSTEM32\ntdll.dll
0x0000000076ca0000 - 0x0000000076dbf000 	C:\Windows\system32\kernel32.dll
0x000007fefc4f0000 - 0x000007fefc55c000 	C:\Windows\system32\KERNELBASE.dll
0x000000007d080000 - 0x000000007d18e000 	E:\MATLAB\bin\win64\libut.dll
0x0000000180000000 - 0x000000018007c000 	E:\MATLAB\bin\win64\libmwi18n.dll
0x00000000014e0000 - 0x00000000014f0000 	E:\MATLAB\bin\win64\boost_date_time-vc80-mt-1_40.dll
0x00000000733d0000 - 0x00000000734d9000 	C:\Windows\WinSxS\amd64_microsoft.vc80.crt_1fc8b3b9a1e18e3b_8.0.50727.6195_none_88e41e092fab0294\MSVCP80.dll
0x0000000073300000 - 0x00000000733c9000 	C:\Windows\WinSxS\amd64_microsoft.vc80.crt_1fc8b3b9a1e18e3b_8.0.50727.6195_none_88e41e092fab0294\MSVCR80.dll
0x000007fefd660000 - 0x000007fefd6ff000 	C:\Windows\system32\msvcrt.dll
0x0000000001500000 - 0x000000000151b000 	E:\MATLAB\bin\win64\boost_filesystem-vc80-mt-1_40.dll
0x0000000001530000 - 0x0000000001539000 	E:\MATLAB\bin\win64\boost_system-vc80-mt-1_40.dll
0x0000000001550000 - 0x0000000001563000 	E:\MATLAB\bin\win64\boost_thread-vc80-mt-1_40.dll
0x000000007d880000 - 0x000000007d8a8000 	E:\MATLAB\bin\win64\LIBEXPAT.dll
0x000000007cce0000 - 0x000000007ce59000 	E:\MATLAB\bin\win64\icuin42.dll
0x000000007d590000 - 0x000000007d6ca000 	E:\MATLAB\bin\win64\icuuc42.dll
0x000007fefd7a0000 - 0x000007fefd87b000 	C:\Windows\system32\ADVAPI32.dll
0x000007fefc800000 - 0x000007fefc81f000 	C:\Windows\SYSTEM32\sechost.dll
0x000007fefd510000 - 0x000007fefd63e000 	C:\Windows\system32\RPCRT4.dll
0x0000000010000000 - 0x0000000010f47000 	E:\MATLAB\bin\win64\icudt42.dll
0x0000000078a10000 - 0x0000000078b49000 	E:\MATLAB\bin\win64\libmwfl.dll
0x000007fefd640000 - 0x000007fefd657000 	C:\Windows\system32\imagehlp.dll
0x0000000077080000 - 0x0000000077087000 	C:\Windows\system32\PSAPI.DLL
0x00000000016c0000 - 0x00000000017a6000 	E:\MATLAB\bin\win64\boost_regex-vc80-mt-1_40.dll
0x0000000076dc0000 - 0x0000000076eba000 	C:\Windows\system32\USER32.dll
0x000007fefcf40000 - 0x000007fefcfa7000 	C:\Windows\system32\GDI32.dll
0x000007fefcf00000 - 0x000007fefcf0e000 	C:\Windows\system32\LPK.dll
0x000007fefc820000 - 0x000007fefc8ea000 	C:\Windows\system32\USP10.dll
0x00000000017c0000 - 0x00000000017d4000 	E:\MATLAB\bin\win64\boost_signals-vc80-mt-1_40.dll
0x00000000017f0000 - 0x000000000182e000 	E:\MATLAB\bin\win64\tbb.dll
0x000000007cab0000 - 0x000000007cac0000 	E:\MATLAB\bin\win64\icuio42.dll
0x000000007d200000 - 0x000000007d460000 	E:\MATLAB\bin\win64\libmwservices.dll
0x000000007d190000 - 0x000000007d1fd000 	E:\MATLAB\bin\win64\libmx.dll
0x00000000791e0000 - 0x00000000791f7000 	E:\MATLAB\bin\win64\zlib1.dll
0x000000007d460000 - 0x000000007d58e000 	E:\MATLAB\bin\win64\libmwmathutil.dll
0x000000007acf0000 - 0x000000007ad51000 	E:\MATLAB\bin\win64\mpath.dll
0x000000007d8b0000 - 0x000000007db80000 	E:\MATLAB\bin\win64\mlutil.dll
0x000000007eb00000 - 0x000000007eb8b000 	E:\MATLAB\bin\win64\xmlcore.dll
0x000000007a670000 - 0x000000007a905000 	E:\MATLAB\bin\win64\xerces-c_2_7.dll
0x000007fefd160000 - 0x000007fefd1ad000 	C:\Windows\system32\WS2_32.dll
0x000007fefca80000 - 0x000007fefca88000 	C:\Windows\system32\NSI.dll
0x000007fefd920000 - 0x000007fefe6a6000 	C:\Windows\system32\SHELL32.dll
0x000007fefc8f0000 - 0x000007fefc961000 	C:\Windows\system32\SHLWAPI.dll
0x000007fefe7f0000 - 0x000007fefe890000 	C:\Windows\WinSxS\amd64_microsoft.windows.common-controls_6595b64144ccf1df_5.82.7600.16661_none_a44e1fc257f685f6\COMCTL32.dll
0x000007fefd880000 - 0x000007fefd918000 	C:\Windows\system32\comdlg32.dll
0x000007fef9260000 - 0x000007fef9276000 	C:\Windows\system32\NETAPI32.dll
0x000007fef9250000 - 0x000007fef925c000 	C:\Windows\system32\netutils.dll
0x000007fefbde0000 - 0x000007fefbe03000 	C:\Windows\system32\srvcli.dll
0x000007fef9230000 - 0x000007fef9245000 	C:\Windows\system32\wkscli.dll
0x000000007b0c0000 - 0x000000007b17a000 	E:\MATLAB\bin\win64\mcr.dll
0x000000007cac0000 - 0x000000007cb74000 	E:\MATLAB\bin\win64\iqm.dll
0x000000007b860000 - 0x000000007bfdf000 	E:\MATLAB\bin\win64\m_interpreter.dll
0x000000007cba0000 - 0x000000007cbb0000 	E:\MATLAB\bin\win64\libmex.dll
0x000000007af40000 - 0x000000007afd6000 	E:\MATLAB\bin\win64\m_dispatcher.dll
0x000000007ade0000 - 0x000000007ae71000 	E:\MATLAB\bin\win64\profiler.dll
0x000000007cc20000 - 0x000000007cc51000 	E:\MATLAB\bin\win64\libmwmathrng.dll
0x0000000079130000 - 0x000000007914a000 	E:\MATLAB\bin\win64\m_pcodeio.dll
0x000000007aca0000 - 0x000000007aced000 	E:\MATLAB\bin\win64\m_ir.dll
0x000000007b240000 - 0x000000007b856000 	E:\MATLAB\bin\win64\m_parser.dll
0x000000007cb80000 - 0x000000007cb93000 	E:\MATLAB\bin\win64\ir_xfmr.dll
0x0000000078b50000 - 0x0000000078d89000 	E:\MATLAB\bin\win64\mcos.dll
0x000000007cc70000 - 0x000000007cc7c000 	E:\MATLAB\bin\win64\mtok.dll
0x0000000079110000 - 0x0000000079130000 	E:\MATLAB\bin\win64\m_pcodegen.dll
0x0000000078300000 - 0x0000000078356000 	E:\MATLAB\bin\win64\libmwspmatrix.dll
0x000007fee7e50000 - 0x000007fee7f75000 	C:\Windows\system32\dbghelp.dll
0x0000000078360000 - 0x000000007838c000 	E:\MATLAB\bin\win64\libmwbridge.dll
0x000000007c720000 - 0x000000007c7e0000 	E:\MATLAB\bin\win64\udd.dll
0x000000007d6d0000 - 0x000000007d82b000 	E:\MATLAB\bin\win64\libmwgui.dll
0x0000000079250000 - 0x0000000079ad7000 	E:\MATLAB\bin\win64\hg.dll
0x0000000079030000 - 0x0000000079087000 	E:\MATLAB\bin\win64\libmat.dll
0x000000007ce60000 - 0x000000007d07b000 	E:\MATLAB\bin\win64\libhdf5.dll
0x000000007aba0000 - 0x000000007ac24000 	E:\MATLAB\bin\win64\jmi.dll
0x000000007aae0000 - 0x000000007ab1f000 	E:\MATLAB\bin\win64\libmwhardcopy.dll
0x000000007ac30000 - 0x000000007ac98000 	E:\MATLAB\bin\win64\libuij.dll
0x0000000078800000 - 0x00000000789f4000 	E:\MATLAB\bin\win64\hgdatatypes.dll
0x0000000078740000 - 0x00000000787fa000 	E:\MATLAB\bin\win64\hgutils.dll
0x0000000079090000 - 0x000000007910c000 	E:\MATLAB\bin\win64\libmwlapack.dll
0x000000007cbc0000 - 0x000000007cbd3000 	E:\MATLAB\bin\win64\libmwbinder.dll
0x000000007c7e0000 - 0x000000007caa9000 	E:\MATLAB\bin\win64\uiw.dll
0x000000007ccd0000 - 0x000000007ccda000 	E:\MATLAB\bin\win64\uinone.dll
0x0000000056270000 - 0x000000005640c000 	C:\Windows\WinSxS\amd64_microsoft.vc80.mfc_1fc8b3b9a1e18e3b_8.0.50727.6195_none_8448b2bd328df189\MFC80.DLL
0x000007fef6c60000 - 0x000007fef6cd0000 	C:\Windows\system32\WINSPOOL.DRV
0x000007fefca90000 - 0x000007fefcc92000 	C:\Windows\system32\ole32.dll
0x000007fefd080000 - 0x000007fefd157000 	C:\Windows\system32\OLEAUT32.dll
0x000000007b180000 - 0x000000007b231000 	E:\MATLAB\bin\win64\udd_mi.dll
0x0000000079150000 - 0x0000000079168000 	E:\MATLAB\bin\win64\mwoles05.DLL
0x000000007ad60000 - 0x000000007add3000 	E:\MATLAB\bin\win64\comcli.dll
0x0000000068ad0000 - 0x0000000068af0000 	C:\Windows\WinSxS\amd64_microsoft.vc80.atl_1fc8b3b9a1e18e3b_8.0.50727.6195_none_8a1dd9552ed7f8d8\ATL80.DLL
0x000000007cc60000 - 0x000000007cc6e000 	E:\MATLAB\bin\win64\mlautoregister.dll
0x000007fefcf10000 - 0x000007fefcf3e000 	C:\Windows\system32\IMM32.DLL
0x000007fefc970000 - 0x000007fefca79000 	C:\Windows\system32\MSCTF.dll
0x000000006c240000 - 0x000000006c24d000 	C:\Windows\WinSxS\amd64_microsoft.vc80.mfcloc_1fc8b3b9a1e18e3b_8.0.50727.6195_none_bc20f59b0bdd1acd\MFC80ENU.DLL
0x000007fefaa40000 - 0x000007fefaa96000 	C:\Windows\system32\uxtheme.dll
0x000007fefc300000 - 0x000007fefc30f000 	C:\Windows\system32\profapi.dll
0x000007fef9bf0000 - 0x000007fef9c17000 	C:\Windows\system32\iphlpapi.dll
0x000007fef9be0000 - 0x000007fef9beb000 	C:\Windows\system32\WINNSI.DLL
0x000007fefb970000 - 0x000007fefb9cb000 	C:\Windows\system32\DNSAPI.dll
0x000007fef99f0000 - 0x000007fef9a01000 	C:\Windows\system32\dhcpcsvc6.DLL
0x000007fef99d0000 - 0x000007fef99e8000 	C:\Windows\system32\dhcpcsvc.DLL
0x000000006bdc0000 - 0x000000006bdc3000 	C:\Windows\system32\icmp.Dll
0x000007fefc230000 - 0x000007fefc23f000 	C:\Windows\system32\CRYPTBASE.dll
0x000007fefc490000 - 0x000007fefc4c6000 	C:\Windows\system32\CFGMGR32.dll
0x000007fefa670000 - 0x000007fefa688000 	C:\Windows\system32\dwmapi.dll
0x000000006d7f0000 - 0x000000006de4d000 	E:\MATLAB\sys\java\jre\win64\jre\bin\server\jvm.dll
0x000007fefa420000 - 0x000007fefa45b000 	C:\Windows\system32\WINMM.dll
0x000000007af10000 - 0x000000007af1e000 	E:\MATLAB\sys\java\jre\win64\jre\bin\verify.dll
0x0000000079200000 - 0x0000000079227000 	E:\MATLAB\sys\java\jre\win64\jre\bin\java.dll
0x000000007aef0000 - 0x000000007aefa000 	E:\MATLAB\sys\java\jre\win64\jre\bin\hpi.dll
0x000000007af20000 - 0x000000007af32000 	E:\MATLAB\sys\java\jre\win64\jre\bin\zip.dll
0x0000000079170000 - 0x0000000079194000 	E:\MATLAB\bin\win64\nativejava.dll
0x000007fef7590000 - 0x000007fef75a8000 	C:\Windows\system32\MPR.dll
0x00000000791a0000 - 0x00000000791da000 	E:\MATLAB\bin\win64\nativejmi.dll
0x000000007ccc0000 - 0x000000007ccc7000 	E:\MATLAB\bin\win64\nativeservices.dll
0x000000007a910000 - 0x000000007aad1000 	E:\MATLAB\sys\java\jre\win64\jre\bin\awt.dll
0x000000007afe0000 - 0x000000007b04b000 	E:\MATLAB\sys\java\jre\win64\jre\bin\fontmanager.dll
0x0000000079230000 - 0x0000000079247000 	E:\MATLAB\sys\java\jre\win64\jre\bin\net.dll
0x000007fefbb40000 - 0x000007fefbb94000 	C:\Windows\system32\mswsock.dll
0x000007fefbcb0000 - 0x000007fefbcb7000 	C:\Windows\System32\wship6.dll
0x000000007af00000 - 0x000000007af0b000 	E:\MATLAB\sys\java\jre\win64\jre\bin\nio.dll
0x00000000783b0000 - 0x00000000783ba000 	E:\MATLAB\bin\win64\nativelmgr.dll
0x000000007de20000 - 0x000000007de55000 	E:\MATLAB\sys\java\jre\win64\jre\bin\jpeg.dll
0x000007fefbd80000 - 0x000007fefbd97000 	C:\Windows\system32\CRYPTSP.dll
0x000007fefb760000 - 0x000007fefb7a7000 	C:\Windows\system32\rsaenh.dll
0x000007fefb630000 - 0x000007fefb64e000 	C:\Windows\system32\USERENV.dll
0x000007fefa3c0000 - 0x000007fefa3d5000 	C:\Windows\system32\NLAapi.dll
0x000007fef40e0000 - 0x000007fef40eb000 	C:\Windows\System32\winrnr.dll
0x000007fef40c0000 - 0x000007fef40d5000 	C:\Windows\system32\napinsp.dll
0x000007fef3240000 - 0x000007fef3259000 	C:\Windows\system32\pnrpnsp.dll

VM Arguments:
jvm_args: -Xss512k -XX:PermSize=32m -Xms64m -XX:NewRatio=3 -XX:MaxPermSize=128m -Xmx196m -XX:MaxDirectMemorySize=2147400000 -Dsun.java2d.noddraw=true -Dsun.awt.nopixfmt=true -Xshare:off -Xrs -Dsun.awt.disableMixing=true -Djava.library.path=E:\MATLAB\bin\win64 vfprintf abort 
java_command: <unknown>
Launcher Type: generic

Environment Variables:
CLASSPATH=.;C:\Program Files (x86)\Java\jre6\lib\ext\QTJava.zip
PATH=C:\Program Files (x86)\AMD APP\bin\x86_64;C:\Program Files (x86)\AMD APP\bin\x86;C:\Program Files\Common Files\Microsoft Shared\Windows Live;C:\Windows\system32;C:\Windows;C:\Windows\System32\Wbem;C:\Windows\System32\WindowsPowerShell\v1.0\;E:\ATI\Driver\ATI.ACE\Core-Static;E:\ATI\Driver 2\ATI.ACE\Core-Static;E:\MATLAB\runtime\win64;E:\MATLAB\bin;E:\ATI.ACE\Core-Static;C:\Program Files (x86)\QuickTime\QTSystem\;E:\ATI\ATI.ACE\Core-Static;E:\ATI\Newest\ATI.ACE\Core-Static;C:\Program Files\Common Files\Microsoft Shared\Windows Live
USERNAME=Elias
OS=Windows_NT
PROCESSOR_IDENTIFIER=AMD64 Family 16 Model 4 Stepping 3, AuthenticAMD



---------------  S Y S T E M  ---------------

OS: Windows 7 Build 7600 

CPU:total 4 (4 cores per cpu, 1 threads per core) family 16 model 4 stepping 3, cmov, cx8, fxsr, mmx, sse, sse2, sse3, mmxext, 3dnow, 3dnowext, sse4a

Memory: 4k page, physical 4191800k(1430072k free), swap 8381700k(3142244k free)

vm_info: Java HotSpot(TM) 64-Bit Server VM (14.3-b01) for windows-amd64 JRE (1.6.0_17-b04), built on Oct 11 2009 00:46:08 by "java_re" with MS VC++ 8.0

time: Thu Feb 23 16:07:29 2012
elapsed time: 61496 seconds

